{"name":"hexo","hostname":"localhost.localdomain","pid":2614,"level":20,"msg":"Hexo version: \u001b[35m3.1.1\u001b[39m","time":"2016-01-02T17:19:57.780Z","v":0}
{"name":"hexo","hostname":"localhost.localdomain","pid":2614,"level":20,"msg":"Working directory: \u001b[35m/var/www/hexo/\u001b[39m","time":"2016-01-02T17:19:57.786Z","v":0}
{"name":"hexo","hostname":"localhost.localdomain","pid":2614,"level":20,"msg":"Config loaded: \u001b[35m/var/www/hexo/_config.yml\u001b[39m","time":"2016-01-02T17:19:58.116Z","v":0}
{"name":"hexo","hostname":"localhost.localdomain","pid":2614,"level":20,"msg":"Script loaded: \u001b[35mthemes/jacman/scripts/fancybox.js\u001b[39m","time":"2016-01-02T17:19:58.161Z","v":0}
{"name":"hexo","hostname":"localhost.localdomain","pid":2614,"level":20,"msg":"Plugin loaded: \u001b[35mhexo-generator-archive\u001b[39m","time":"2016-01-02T17:19:58.220Z","v":0}
{"name":"hexo","hostname":"localhost.localdomain","pid":2614,"level":20,"msg":"Plugin loaded: \u001b[35mhexo-renderer-ejs\u001b[39m","time":"2016-01-02T17:19:58.243Z","v":0}
{"name":"hexo","hostname":"localhost.localdomain","pid":2614,"level":20,"msg":"Plugin loaded: \u001b[35mhexo-generator-category\u001b[39m","time":"2016-01-02T17:19:58.247Z","v":0}
{"name":"hexo","hostname":"localhost.localdomain","pid":2614,"level":20,"msg":"Plugin loaded: \u001b[35mhexo-renderer-marked\u001b[39m","time":"2016-01-02T17:19:58.467Z","v":0}
{"name":"hexo","hostname":"localhost.localdomain","pid":2614,"level":20,"msg":"Plugin loaded: \u001b[35mhexo-generator-index\u001b[39m","time":"2016-01-02T17:19:58.470Z","v":0}
{"name":"hexo","hostname":"localhost.localdomain","pid":2614,"level":20,"msg":"Plugin loaded: \u001b[35mhexo-renderer-stylus\u001b[39m","time":"2016-01-02T17:19:58.818Z","v":0}
{"name":"hexo","hostname":"localhost.localdomain","pid":2614,"level":20,"msg":"Plugin loaded: \u001b[35mhexo-generator-tag\u001b[39m","time":"2016-01-02T17:19:58.832Z","v":0}
{"name":"hexo","hostname":"localhost.localdomain","pid":2614,"level":20,"msg":"Plugin loaded: \u001b[35mhexo-server\u001b[39m","time":"2016-01-02T17:19:59.054Z","v":0}
{"name":"hexo","hostname":"localhost.localdomain","pid":2614,"level":20,"msg":"Loading database.","time":"2016-01-02T17:19:59.066Z","v":0}
{"name":"hexo","hostname":"localhost.localdomain","pid":2614,"level":20,"msg":"Unchanged: \u001b[35msource/_posts/hello-world.md\u001b[39m","time":"2016-01-02T17:19:59.270Z","v":0}
{"name":"hexo","hostname":"localhost.localdomain","pid":2614,"level":20,"msg":"Processed: \u001b[35m_posts/hello-world.md\u001b[39m","time":"2016-01-02T17:19:59.280Z","v":0}
{"name":"hexo","hostname":"localhost.localdomain","pid":2614,"level":20,"msg":"Unchanged: \u001b[35mthemes/jacman/README.md\u001b[39m","time":"2016-01-02T17:19:59.574Z","v":0}
{"name":"hexo","hostname":"localhost.localdomain","pid":2614,"level":20,"msg":"Unchanged: \u001b[35mthemes/jacman/languages/default.yml\u001b[39m","time":"2016-01-02T17:19:59.574Z","v":0}
{"name":"hexo","hostname":"localhost.localdomain","pid":2614,"level":20,"msg":"Unchanged: \u001b[35mthemes/jacman/README_zh.md\u001b[39m","time":"2016-01-02T17:19:59.574Z","v":0}
{"name":"hexo","hostname":"localhost.localdomain","pid":2614,"level":20,"msg":"Unchanged: \u001b[35mthemes/jacman/layout/_partial/after_footer.ejs\u001b[39m","time":"2016-01-02T17:19:59.574Z","v":0}
{"name":"hexo","hostname":"localhost.localdomain","pid":2614,"level":20,"msg":"Unchanged: \u001b[35mthemes/jacman/languages/zh-CN.yml\u001b[39m","time":"2016-01-02T17:19:59.575Z","v":0}
{"name":"hexo","hostname":"localhost.localdomain","pid":2614,"level":20,"msg":"Unchanged: \u001b[35mthemes/jacman/_config.yml\u001b[39m","time":"2016-01-02T17:19:59.575Z","v":0}
{"name":"hexo","hostname":"localhost.localdomain","pid":2614,"level":20,"msg":"Unchanged: \u001b[35mthemes/jacman/languages/zh-TW.yml\u001b[39m","time":"2016-01-02T17:19:59.575Z","v":0}
{"name":"hexo","hostname":"localhost.localdomain","pid":2614,"level":20,"msg":"Unchanged: \u001b[35mthemes/jacman/layout/_partial/article.ejs\u001b[39m","time":"2016-01-02T17:19:59.575Z","v":0}
{"name":"hexo","hostname":"localhost.localdomain","pid":2614,"level":20,"msg":"Unchanged: \u001b[35mthemes/jacman/layout/_partial/archive.ejs\u001b[39m","time":"2016-01-02T17:19:59.576Z","v":0}
{"name":"hexo","hostname":"localhost.localdomain","pid":2614,"level":20,"msg":"Unchanged: \u001b[35mthemes/jacman/layout/_partial/analytics.ejs\u001b[39m","time":"2016-01-02T17:19:59.576Z","v":0}
{"name":"hexo","hostname":"localhost.localdomain","pid":2614,"level":20,"msg":"Unchanged: \u001b[35mthemes/jacman/layout/_partial/article_row.ejs\u001b[39m","time":"2016-01-02T17:19:59.576Z","v":0}
{"name":"hexo","hostname":"localhost.localdomain","pid":2614,"level":20,"msg":"Unchanged: \u001b[35mthemes/jacman/layout/_partial/categories.ejs\u001b[39m","time":"2016-01-02T17:19:59.576Z","v":0}
{"name":"hexo","hostname":"localhost.localdomain","pid":2614,"level":20,"msg":"Unchanged: \u001b[35mthemes/jacman/layout/_partial/footer.ejs\u001b[39m","time":"2016-01-02T17:19:59.576Z","v":0}
{"name":"hexo","hostname":"localhost.localdomain","pid":2614,"level":20,"msg":"Unchanged: \u001b[35mthemes/jacman/layout/_partial/head.ejs\u001b[39m","time":"2016-01-02T17:19:59.576Z","v":0}
{"name":"hexo","hostname":"localhost.localdomain","pid":2614,"level":20,"msg":"Unchanged: \u001b[35mthemes/jacman/layout/_partial/post/article.ejs\u001b[39m","time":"2016-01-02T17:19:59.577Z","v":0}
{"name":"hexo","hostname":"localhost.localdomain","pid":2614,"level":20,"msg":"Unchanged: \u001b[35mthemes/jacman/layout/_partial/post/catetags.ejs\u001b[39m","time":"2016-01-02T17:19:59.577Z","v":0}
{"name":"hexo","hostname":"localhost.localdomain","pid":2614,"level":20,"msg":"Unchanged: \u001b[35mthemes/jacman/LICENSE\u001b[39m","time":"2016-01-02T17:19:59.577Z","v":0}
{"name":"hexo","hostname":"localhost.localdomain","pid":2614,"level":20,"msg":"Unchanged: \u001b[35mthemes/jacman/layout/_partial/post/comment.ejs\u001b[39m","time":"2016-01-02T17:19:59.578Z","v":0}
{"name":"hexo","hostname":"localhost.localdomain","pid":2614,"level":20,"msg":"Unchanged: \u001b[35mthemes/jacman/layout/_partial/post/footer.ejs\u001b[39m","time":"2016-01-02T17:19:59.578Z","v":0}
{"name":"hexo","hostname":"localhost.localdomain","pid":2614,"level":20,"msg":"Unchanged: \u001b[35mthemes/jacman/layout/_partial/post/gallery.ejs\u001b[39m","time":"2016-01-02T17:19:59.578Z","v":0}
{"name":"hexo","hostname":"localhost.localdomain","pid":2614,"level":20,"msg":"Unchanged: \u001b[35mthemes/jacman/layout/_partial/post/header.ejs\u001b[39m","time":"2016-01-02T17:19:59.578Z","v":0}
{"name":"hexo","hostname":"localhost.localdomain","pid":2614,"level":20,"msg":"Unchanged: \u001b[35mthemes/jacman/layout/_partial/post/jiathis.ejs\u001b[39m","time":"2016-01-02T17:19:59.579Z","v":0}
{"name":"hexo","hostname":"localhost.localdomain","pid":2614,"level":20,"msg":"Unchanged: \u001b[35mthemes/jacman/layout/_partial/post/pagination.ejs\u001b[39m","time":"2016-01-02T17:19:59.579Z","v":0}
{"name":"hexo","hostname":"localhost.localdomain","pid":2614,"level":20,"msg":"Unchanged: \u001b[35mthemes/jacman/layout/_partial/header.ejs\u001b[39m","time":"2016-01-02T17:19:59.579Z","v":0}
{"name":"hexo","hostname":"localhost.localdomain","pid":2614,"level":20,"msg":"Unchanged: \u001b[35mthemes/jacman/layout/_partial/mathjax.ejs\u001b[39m","time":"2016-01-02T17:19:59.579Z","v":0}
{"name":"hexo","hostname":"localhost.localdomain","pid":2614,"level":20,"msg":"Unchanged: \u001b[35mthemes/jacman/layout/_partial/sidebar.ejs\u001b[39m","time":"2016-01-02T17:19:59.579Z","v":0}
{"name":"hexo","hostname":"localhost.localdomain","pid":2614,"level":20,"msg":"Unchanged: \u001b[35mthemes/jacman/layout/_partial/tags.ejs\u001b[39m","time":"2016-01-02T17:19:59.579Z","v":0}
{"name":"hexo","hostname":"localhost.localdomain","pid":2614,"level":20,"msg":"Unchanged: \u001b[35mthemes/jacman/layout/_partial/search.ejs\u001b[39m","time":"2016-01-02T17:19:59.579Z","v":0}
{"name":"hexo","hostname":"localhost.localdomain","pid":2614,"level":20,"msg":"Unchanged: \u001b[35mthemes/jacman/layout/_partial/pagination.ejs\u001b[39m","time":"2016-01-02T17:19:59.580Z","v":0}
{"name":"hexo","hostname":"localhost.localdomain","pid":2614,"level":20,"msg":"Unchanged: \u001b[35mthemes/jacman/layout/_partial/tinysou_search.ejs\u001b[39m","time":"2016-01-02T17:19:59.580Z","v":0}
{"name":"hexo","hostname":"localhost.localdomain","pid":2614,"level":20,"msg":"Unchanged: \u001b[35mthemes/jacman/layout/_widget/archive.ejs\u001b[39m","time":"2016-01-02T17:19:59.580Z","v":0}
{"name":"hexo","hostname":"localhost.localdomain","pid":2614,"level":20,"msg":"Unchanged: \u001b[35mthemes/jacman/layout/_widget/category.ejs\u001b[39m","time":"2016-01-02T17:19:59.580Z","v":0}
{"name":"hexo","hostname":"localhost.localdomain","pid":2614,"level":20,"msg":"Unchanged: \u001b[35mthemes/jacman/layout/_partial/totop.ejs\u001b[39m","time":"2016-01-02T17:19:59.580Z","v":0}
{"name":"hexo","hostname":"localhost.localdomain","pid":2614,"level":20,"msg":"Unchanged: \u001b[35mthemes/jacman/layout/_widget/douban.ejs\u001b[39m","time":"2016-01-02T17:19:59.581Z","v":0}
{"name":"hexo","hostname":"localhost.localdomain","pid":2614,"level":20,"msg":"Unchanged: \u001b[35mthemes/jacman/layout/_widget/github-card.ejs\u001b[39m","time":"2016-01-02T17:19:59.581Z","v":0}
{"name":"hexo","hostname":"localhost.localdomain","pid":2614,"level":20,"msg":"Unchanged: \u001b[35mthemes/jacman/layout/_widget/links.ejs\u001b[39m","time":"2016-01-02T17:19:59.581Z","v":0}
{"name":"hexo","hostname":"localhost.localdomain","pid":2614,"level":20,"msg":"Unchanged: \u001b[35mthemes/jacman/layout/_widget/rss.ejs\u001b[39m","time":"2016-01-02T17:19:59.587Z","v":0}
{"name":"hexo","hostname":"localhost.localdomain","pid":2614,"level":20,"msg":"Unchanged: \u001b[35mthemes/jacman/layout/_widget/tag.ejs\u001b[39m","time":"2016-01-02T17:19:59.587Z","v":0}
{"name":"hexo","hostname":"localhost.localdomain","pid":2614,"level":20,"msg":"Unchanged: \u001b[35mthemes/jacman/layout/_widget/tagcloud.ejs\u001b[39m","time":"2016-01-02T17:19:59.588Z","v":0}
{"name":"hexo","hostname":"localhost.localdomain","pid":2614,"level":20,"msg":"Unchanged: \u001b[35mthemes/jacman/layout/_widget/weibo.ejs\u001b[39m","time":"2016-01-02T17:19:59.588Z","v":0}
{"name":"hexo","hostname":"localhost.localdomain","pid":2614,"level":20,"msg":"Unchanged: \u001b[35mthemes/jacman/layout/archive.ejs\u001b[39m","time":"2016-01-02T17:19:59.588Z","v":0}
{"name":"hexo","hostname":"localhost.localdomain","pid":2614,"level":20,"msg":"Unchanged: \u001b[35mthemes/jacman/scripts/fancybox.js\u001b[39m","time":"2016-01-02T17:19:59.589Z","v":0}
{"name":"hexo","hostname":"localhost.localdomain","pid":2614,"level":20,"msg":"Unchanged: \u001b[35mthemes/jacman/layout/category.ejs\u001b[39m","time":"2016-01-02T17:19:59.589Z","v":0}
{"name":"hexo","hostname":"localhost.localdomain","pid":2614,"level":20,"msg":"Unchanged: \u001b[35mthemes/jacman/layout/index.ejs\u001b[39m","time":"2016-01-02T17:19:59.589Z","v":0}
{"name":"hexo","hostname":"localhost.localdomain","pid":2614,"level":20,"msg":"Unchanged: \u001b[35mthemes/jacman/layout/layout.ejs\u001b[39m","time":"2016-01-02T17:19:59.589Z","v":0}
{"name":"hexo","hostname":"localhost.localdomain","pid":2614,"level":20,"msg":"Unchanged: \u001b[35mthemes/jacman/layout/page.ejs\u001b[39m","time":"2016-01-02T17:19:59.589Z","v":0}
{"name":"hexo","hostname":"localhost.localdomain","pid":2614,"level":20,"msg":"Unchanged: \u001b[35mthemes/jacman/layout/post.ejs\u001b[39m","time":"2016-01-02T17:19:59.590Z","v":0}
{"name":"hexo","hostname":"localhost.localdomain","pid":2614,"level":20,"msg":"Unchanged: \u001b[35mthemes/jacman/layout/tag.ejs\u001b[39m","time":"2016-01-02T17:19:59.590Z","v":0}
{"name":"hexo","hostname":"localhost.localdomain","pid":2614,"level":20,"msg":"Unchanged: \u001b[35mthemes/jacman/source/css/_base/highlight/highlight.styl\u001b[39m","time":"2016-01-02T17:19:59.590Z","v":0}
{"name":"hexo","hostname":"localhost.localdomain","pid":2614,"level":20,"msg":"Unchanged: \u001b[35mthemes/jacman/source/css/_base/font.styl\u001b[39m","time":"2016-01-02T17:19:59.590Z","v":0}
{"name":"hexo","hostname":"localhost.localdomain","pid":2614,"level":20,"msg":"Unchanged: \u001b[35mthemes/jacman/source/css/_base/public.styl\u001b[39m","time":"2016-01-02T17:19:59.590Z","v":0}
{"name":"hexo","hostname":"localhost.localdomain","pid":2614,"level":20,"msg":"Unchanged: \u001b[35mthemes/jacman/source/css/_base/variable.styl\u001b[39m","time":"2016-01-02T17:19:59.591Z","v":0}
{"name":"hexo","hostname":"localhost.localdomain","pid":2614,"level":20,"msg":"Unchanged: \u001b[35mthemes/jacman/source/css/_partial/article.styl\u001b[39m","time":"2016-01-02T17:19:59.591Z","v":0}
{"name":"hexo","hostname":"localhost.localdomain","pid":2614,"level":20,"msg":"Unchanged: \u001b[35mthemes/jacman/source/css/_partial/aside.styl\u001b[39m","time":"2016-01-02T17:19:59.591Z","v":0}
{"name":"hexo","hostname":"localhost.localdomain","pid":2614,"level":20,"msg":"Unchanged: \u001b[35mthemes/jacman/source/css/_partial/duoshuo.styl\u001b[39m","time":"2016-01-02T17:19:59.591Z","v":0}
{"name":"hexo","hostname":"localhost.localdomain","pid":2614,"level":20,"msg":"Unchanged: \u001b[35mthemes/jacman/source/css/_partial/footer.styl\u001b[39m","time":"2016-01-02T17:19:59.591Z","v":0}
{"name":"hexo","hostname":"localhost.localdomain","pid":2614,"level":20,"msg":"Unchanged: \u001b[35mthemes/jacman/source/css/_partial/gallery.styl\u001b[39m","time":"2016-01-02T17:19:59.592Z","v":0}
{"name":"hexo","hostname":"localhost.localdomain","pid":2614,"level":20,"msg":"Unchanged: \u001b[35mthemes/jacman/source/css/_partial/header.styl\u001b[39m","time":"2016-01-02T17:19:59.592Z","v":0}
{"name":"hexo","hostname":"localhost.localdomain","pid":2614,"level":20,"msg":"Unchanged: \u001b[35mthemes/jacman/source/css/_partial/helper.styl\u001b[39m","time":"2016-01-02T17:19:59.592Z","v":0}
{"name":"hexo","hostname":"localhost.localdomain","pid":2614,"level":20,"msg":"Unchanged: \u001b[35mthemes/jacman/source/css/style.styl\u001b[39m","time":"2016-01-02T17:19:59.592Z","v":0}
{"name":"hexo","hostname":"localhost.localdomain","pid":2614,"level":20,"msg":"Unchanged: \u001b[35mthemes/jacman/source/css/_partial/totop.styl\u001b[39m","time":"2016-01-02T17:19:59.593Z","v":0}
{"name":"hexo","hostname":"localhost.localdomain","pid":2614,"level":20,"msg":"Unchanged: \u001b[35mthemes/jacman/source/fancybox/fancybox_loading@2x.gif\u001b[39m","time":"2016-01-02T17:19:59.593Z","v":0}
{"name":"hexo","hostname":"localhost.localdomain","pid":2614,"level":20,"msg":"Unchanged: \u001b[35mthemes/jacman/source/fancybox/blank.gif\u001b[39m","time":"2016-01-02T17:19:59.593Z","v":0}
{"name":"hexo","hostname":"localhost.localdomain","pid":2614,"level":20,"msg":"Unchanged: \u001b[35mthemes/jacman/source/fancybox/fancybox_loading.gif\u001b[39m","time":"2016-01-02T17:19:59.593Z","v":0}
{"name":"hexo","hostname":"localhost.localdomain","pid":2614,"level":20,"msg":"Unchanged: \u001b[35mthemes/jacman/source/fancybox/fancybox_overlay.png\u001b[39m","time":"2016-01-02T17:19:59.593Z","v":0}
{"name":"hexo","hostname":"localhost.localdomain","pid":2614,"level":20,"msg":"Unchanged: \u001b[35mthemes/jacman/source/fancybox/fancybox_sprite.png\u001b[39m","time":"2016-01-02T17:19:59.594Z","v":0}
{"name":"hexo","hostname":"localhost.localdomain","pid":2614,"level":20,"msg":"Unchanged: \u001b[35mthemes/jacman/source/fancybox/fancybox_sprite@2x.png\u001b[39m","time":"2016-01-02T17:19:59.594Z","v":0}
{"name":"hexo","hostname":"localhost.localdomain","pid":2614,"level":20,"msg":"Unchanged: \u001b[35mthemes/jacman/source/fancybox/helpers/fancybox_buttons.png\u001b[39m","time":"2016-01-02T17:19:59.594Z","v":0}
{"name":"hexo","hostname":"localhost.localdomain","pid":2614,"level":20,"msg":"Unchanged: \u001b[35mthemes/jacman/source/fancybox/helpers/jquery.fancybox-buttons.css\u001b[39m","time":"2016-01-02T17:19:59.594Z","v":0}
{"name":"hexo","hostname":"localhost.localdomain","pid":2614,"level":20,"msg":"Unchanged: \u001b[35mthemes/jacman/source/fancybox/helpers/jquery.fancybox-buttons.js\u001b[39m","time":"2016-01-02T17:19:59.594Z","v":0}
{"name":"hexo","hostname":"localhost.localdomain","pid":2614,"level":20,"msg":"Unchanged: \u001b[35mthemes/jacman/source/fancybox/helpers/jquery.fancybox-media.js\u001b[39m","time":"2016-01-02T17:19:59.594Z","v":0}
{"name":"hexo","hostname":"localhost.localdomain","pid":2614,"level":20,"msg":"Unchanged: \u001b[35mthemes/jacman/source/fancybox/helpers/jquery.fancybox-thumbs.css\u001b[39m","time":"2016-01-02T17:19:59.595Z","v":0}
{"name":"hexo","hostname":"localhost.localdomain","pid":2614,"level":20,"msg":"Unchanged: \u001b[35mthemes/jacman/source/fancybox/helpers/jquery.fancybox-thumbs.js\u001b[39m","time":"2016-01-02T17:19:59.595Z","v":0}
{"name":"hexo","hostname":"localhost.localdomain","pid":2614,"level":20,"msg":"Unchanged: \u001b[35mthemes/jacman/source/fancybox/jquery.fancybox.css\u001b[39m","time":"2016-01-02T17:19:59.595Z","v":0}
{"name":"hexo","hostname":"localhost.localdomain","pid":2614,"level":20,"msg":"Unchanged: \u001b[35mthemes/jacman/source/fancybox/jquery.fancybox.js\u001b[39m","time":"2016-01-02T17:19:59.595Z","v":0}
{"name":"hexo","hostname":"localhost.localdomain","pid":2614,"level":20,"msg":"Unchanged: \u001b[35mthemes/jacman/source/fancybox/jquery.fancybox.pack.js\u001b[39m","time":"2016-01-02T17:19:59.595Z","v":0}
{"name":"hexo","hostname":"localhost.localdomain","pid":2614,"level":20,"msg":"Unchanged: \u001b[35mthemes/jacman/source/font/FontAwesome.otf\u001b[39m","time":"2016-01-02T17:19:59.595Z","v":0}
{"name":"hexo","hostname":"localhost.localdomain","pid":2614,"level":20,"msg":"Unchanged: \u001b[35mthemes/jacman/source/font/coveredbyyourgrace-webfont.eot\u001b[39m","time":"2016-01-02T17:19:59.596Z","v":0}
{"name":"hexo","hostname":"localhost.localdomain","pid":2614,"level":20,"msg":"Unchanged: \u001b[35mthemes/jacman/source/font/coveredbyyourgrace-webfont.ttf\u001b[39m","time":"2016-01-02T17:19:59.596Z","v":0}
{"name":"hexo","hostname":"localhost.localdomain","pid":2614,"level":20,"msg":"Unchanged: \u001b[35mthemes/jacman/source/font/coveredbyyourgrace-webfont.woff\u001b[39m","time":"2016-01-02T17:19:59.596Z","v":0}
{"name":"hexo","hostname":"localhost.localdomain","pid":2614,"level":20,"msg":"Unchanged: \u001b[35mthemes/jacman/source/font/fontawesome-webfont.eot\u001b[39m","time":"2016-01-02T17:19:59.596Z","v":0}
{"name":"hexo","hostname":"localhost.localdomain","pid":2614,"level":20,"msg":"Unchanged: \u001b[35mthemes/jacman/source/font/fontdiao.eot\u001b[39m","time":"2016-01-02T17:19:59.596Z","v":0}
{"name":"hexo","hostname":"localhost.localdomain","pid":2614,"level":20,"msg":"Unchanged: \u001b[35mthemes/jacman/source/font/fontdiao.ttf\u001b[39m","time":"2016-01-02T17:19:59.597Z","v":0}
{"name":"hexo","hostname":"localhost.localdomain","pid":2614,"level":20,"msg":"Unchanged: \u001b[35mthemes/jacman/source/font/fontawesome-webfont.woff\u001b[39m","time":"2016-01-02T17:19:59.597Z","v":0}
{"name":"hexo","hostname":"localhost.localdomain","pid":2614,"level":20,"msg":"Unchanged: \u001b[35mthemes/jacman/source/img/author.jpg\u001b[39m","time":"2016-01-02T17:19:59.599Z","v":0}
{"name":"hexo","hostname":"localhost.localdomain","pid":2614,"level":20,"msg":"Unchanged: \u001b[35mthemes/jacman/source/img/cc-by-nc-nd.svg\u001b[39m","time":"2016-01-02T17:19:59.600Z","v":0}
{"name":"hexo","hostname":"localhost.localdomain","pid":2614,"level":20,"msg":"Unchanged: \u001b[35mthemes/jacman/source/img/cc-by-nc-sa.svg\u001b[39m","time":"2016-01-02T17:19:59.600Z","v":0}
{"name":"hexo","hostname":"localhost.localdomain","pid":2614,"level":20,"msg":"Unchanged: \u001b[35mthemes/jacman/source/img/cc-by-nc.svg\u001b[39m","time":"2016-01-02T17:19:59.600Z","v":0}
{"name":"hexo","hostname":"localhost.localdomain","pid":2614,"level":20,"msg":"Unchanged: \u001b[35mthemes/jacman/source/img/cc-by-nd.svg\u001b[39m","time":"2016-01-02T17:19:59.600Z","v":0}
{"name":"hexo","hostname":"localhost.localdomain","pid":2614,"level":20,"msg":"Unchanged: \u001b[35mthemes/jacman/source/img/cc-by-sa.svg\u001b[39m","time":"2016-01-02T17:19:59.600Z","v":0}
{"name":"hexo","hostname":"localhost.localdomain","pid":2614,"level":20,"msg":"Unchanged: \u001b[35mthemes/jacman/source/img/cc-by.svg\u001b[39m","time":"2016-01-02T17:19:59.601Z","v":0}
{"name":"hexo","hostname":"localhost.localdomain","pid":2614,"level":20,"msg":"Unchanged: \u001b[35mthemes/jacman/source/img/cc-zero.svg\u001b[39m","time":"2016-01-02T17:19:59.601Z","v":0}
{"name":"hexo","hostname":"localhost.localdomain","pid":2614,"level":20,"msg":"Unchanged: \u001b[35mthemes/jacman/source/img/favicon.ico\u001b[39m","time":"2016-01-02T17:19:59.601Z","v":0}
{"name":"hexo","hostname":"localhost.localdomain","pid":2614,"level":20,"msg":"Unchanged: \u001b[35mthemes/jacman/source/img/jacman.jpg\u001b[39m","time":"2016-01-02T17:19:59.601Z","v":0}
{"name":"hexo","hostname":"localhost.localdomain","pid":2614,"level":20,"msg":"Unchanged: \u001b[35mthemes/jacman/source/img/logo.svg\u001b[39m","time":"2016-01-02T17:19:59.601Z","v":0}
{"name":"hexo","hostname":"localhost.localdomain","pid":2614,"level":20,"msg":"Unchanged: \u001b[35mthemes/jacman/source/img/scrollup.png\u001b[39m","time":"2016-01-02T17:19:59.601Z","v":0}
{"name":"hexo","hostname":"localhost.localdomain","pid":2614,"level":20,"msg":"Unchanged: \u001b[35mthemes/jacman/source/js/gallery.js\u001b[39m","time":"2016-01-02T17:19:59.601Z","v":0}
{"name":"hexo","hostname":"localhost.localdomain","pid":2614,"level":20,"msg":"Unchanged: \u001b[35mthemes/jacman/source/js/jquery.imagesloaded.min.js\u001b[39m","time":"2016-01-02T17:19:59.602Z","v":0}
{"name":"hexo","hostname":"localhost.localdomain","pid":2614,"level":20,"msg":"Unchanged: \u001b[35mthemes/jacman/source/js/jquery.qrcode-0.12.0.min.js\u001b[39m","time":"2016-01-02T17:19:59.602Z","v":0}
{"name":"hexo","hostname":"localhost.localdomain","pid":2614,"level":20,"msg":"Unchanged: \u001b[35mthemes/jacman/source/js/totop.js\u001b[39m","time":"2016-01-02T17:19:59.602Z","v":0}
{"name":"hexo","hostname":"localhost.localdomain","pid":2614,"level":20,"msg":"Unchanged: \u001b[35mthemes/jacman/source/css/_partial/index.styl\u001b[39m","time":"2016-01-02T17:19:59.606Z","v":0}
{"name":"hexo","hostname":"localhost.localdomain","pid":2614,"level":20,"msg":"Unchanged: \u001b[35mthemes/jacman/source/font/coveredbyyourgrace-webfont.svg\u001b[39m","time":"2016-01-02T17:19:59.606Z","v":0}
{"name":"hexo","hostname":"localhost.localdomain","pid":2614,"level":20,"msg":"Unchanged: \u001b[35mthemes/jacman/source/font/fontawesome-webfont.ttf\u001b[39m","time":"2016-01-02T17:19:59.607Z","v":0}
{"name":"hexo","hostname":"localhost.localdomain","pid":2614,"level":20,"msg":"Unchanged: \u001b[35mthemes/jacman/source/img/logo.png\u001b[39m","time":"2016-01-02T17:19:59.607Z","v":0}
{"name":"hexo","hostname":"localhost.localdomain","pid":2614,"level":20,"msg":"Unchanged: \u001b[35mthemes/jacman/source/font/fontdiao.svg\u001b[39m","time":"2016-01-02T17:19:59.607Z","v":0}
{"name":"hexo","hostname":"localhost.localdomain","pid":2614,"level":20,"msg":"Unchanged: \u001b[35mthemes/jacman/source/js/jquery-2.0.3.min.js\u001b[39m","time":"2016-01-02T17:19:59.607Z","v":0}
{"name":"hexo","hostname":"localhost.localdomain","pid":2614,"level":20,"msg":"Unchanged: \u001b[35mthemes/jacman/source/css/_base/highlight/theme.styl\u001b[39m","time":"2016-01-02T17:19:59.613Z","v":0}
{"name":"hexo","hostname":"localhost.localdomain","pid":2614,"level":20,"msg":"Unchanged: \u001b[35mthemes/jacman/source/font/fontdiao.woff\u001b[39m","time":"2016-01-02T17:19:59.613Z","v":0}
{"name":"hexo","hostname":"localhost.localdomain","pid":2614,"level":20,"msg":"Unchanged: \u001b[35mthemes/jacman/source/font/fontawesome-webfont.svg\u001b[39m","time":"2016-01-02T17:19:59.616Z","v":0}
{"name":"hexo","hostname":"localhost.localdomain","pid":2614,"level":20,"msg":"Unchanged: \u001b[35mthemes/jacman/source/img/banner.jpg\u001b[39m","time":"2016-01-02T17:19:59.616Z","v":0}
{"name":"hexo","hostname":"localhost.localdomain","pid":2614,"level":20,"msg":"Processed: \u001b[35msource/img/banner.jpg\u001b[39m","time":"2016-01-02T17:19:59.620Z","v":0}
{"name":"hexo","hostname":"localhost.localdomain","pid":2614,"level":20,"msg":"Processed: \u001b[35msource/font/fontawesome-webfont.svg\u001b[39m","time":"2016-01-02T17:19:59.621Z","v":0}
{"name":"hexo","hostname":"localhost.localdomain","pid":2614,"level":20,"msg":"Processed: \u001b[35msource/js/totop.js\u001b[39m","time":"2016-01-02T17:19:59.622Z","v":0}
{"name":"hexo","hostname":"localhost.localdomain","pid":2614,"level":20,"msg":"Processed: \u001b[35msource/js/jquery.qrcode-0.12.0.min.js\u001b[39m","time":"2016-01-02T17:19:59.623Z","v":0}
{"name":"hexo","hostname":"localhost.localdomain","pid":2614,"level":20,"msg":"Processed: \u001b[35msource/js/jquery-2.0.3.min.js\u001b[39m","time":"2016-01-02T17:19:59.623Z","v":0}
{"name":"hexo","hostname":"localhost.localdomain","pid":2614,"level":20,"msg":"Processed: \u001b[35msource/img/logo.png\u001b[39m","time":"2016-01-02T17:19:59.623Z","v":0}
{"name":"hexo","hostname":"localhost.localdomain","pid":2614,"level":20,"msg":"Processed: \u001b[35msource/font/fontdiao.svg\u001b[39m","time":"2016-01-02T17:19:59.624Z","v":0}
{"name":"hexo","hostname":"localhost.localdomain","pid":2614,"level":20,"msg":"Processed: \u001b[35msource/font/fontawesome-webfont.ttf\u001b[39m","time":"2016-01-02T17:19:59.624Z","v":0}
{"name":"hexo","hostname":"localhost.localdomain","pid":2614,"level":20,"msg":"Processed: \u001b[35msource/font/coveredbyyourgrace-webfont.svg\u001b[39m","time":"2016-01-02T17:19:59.625Z","v":0}
{"name":"hexo","hostname":"localhost.localdomain","pid":2614,"level":20,"msg":"Processed: \u001b[35msource/js/jquery.imagesloaded.min.js\u001b[39m","time":"2016-01-02T17:19:59.625Z","v":0}
{"name":"hexo","hostname":"localhost.localdomain","pid":2614,"level":20,"msg":"Processed: \u001b[35msource/js/gallery.js\u001b[39m","time":"2016-01-02T17:19:59.626Z","v":0}
{"name":"hexo","hostname":"localhost.localdomain","pid":2614,"level":20,"msg":"Processed: \u001b[35msource/img/scrollup.png\u001b[39m","time":"2016-01-02T17:19:59.626Z","v":0}
{"name":"hexo","hostname":"localhost.localdomain","pid":2614,"level":20,"msg":"Processed: \u001b[35msource/img/logo.svg\u001b[39m","time":"2016-01-02T17:19:59.629Z","v":0}
{"name":"hexo","hostname":"localhost.localdomain","pid":2614,"level":20,"msg":"Processed: \u001b[35msource/img/jacman.jpg\u001b[39m","time":"2016-01-02T17:19:59.629Z","v":0}
{"name":"hexo","hostname":"localhost.localdomain","pid":2614,"level":20,"msg":"Processed: \u001b[35msource/img/favicon.ico\u001b[39m","time":"2016-01-02T17:19:59.630Z","v":0}
{"name":"hexo","hostname":"localhost.localdomain","pid":2614,"level":20,"msg":"Processed: \u001b[35msource/img/cc-zero.svg\u001b[39m","time":"2016-01-02T17:19:59.630Z","v":0}
{"name":"hexo","hostname":"localhost.localdomain","pid":2614,"level":20,"msg":"Processed: \u001b[35msource/img/cc-by.svg\u001b[39m","time":"2016-01-02T17:19:59.631Z","v":0}
{"name":"hexo","hostname":"localhost.localdomain","pid":2614,"level":20,"msg":"Processed: \u001b[35msource/img/cc-by-sa.svg\u001b[39m","time":"2016-01-02T17:19:59.631Z","v":0}
{"name":"hexo","hostname":"localhost.localdomain","pid":2614,"level":20,"msg":"Processed: \u001b[35msource/img/cc-by-nd.svg\u001b[39m","time":"2016-01-02T17:19:59.632Z","v":0}
{"name":"hexo","hostname":"localhost.localdomain","pid":2614,"level":20,"msg":"Processed: \u001b[35msource/img/cc-by-nc.svg\u001b[39m","time":"2016-01-02T17:19:59.633Z","v":0}
{"name":"hexo","hostname":"localhost.localdomain","pid":2614,"level":20,"msg":"Processed: \u001b[35msource/img/cc-by-nc-sa.svg\u001b[39m","time":"2016-01-02T17:19:59.633Z","v":0}
{"name":"hexo","hostname":"localhost.localdomain","pid":2614,"level":20,"msg":"Processed: \u001b[35msource/img/cc-by-nc-nd.svg\u001b[39m","time":"2016-01-02T17:19:59.633Z","v":0}
{"name":"hexo","hostname":"localhost.localdomain","pid":2614,"level":20,"msg":"Processed: \u001b[35msource/img/author.jpg\u001b[39m","time":"2016-01-02T17:19:59.633Z","v":0}
{"name":"hexo","hostname":"localhost.localdomain","pid":2614,"level":20,"msg":"Processed: \u001b[35msource/font/fontdiao.woff\u001b[39m","time":"2016-01-02T17:19:59.634Z","v":0}
{"name":"hexo","hostname":"localhost.localdomain","pid":2614,"level":20,"msg":"Processed: \u001b[35msource/font/fontdiao.ttf\u001b[39m","time":"2016-01-02T17:19:59.634Z","v":0}
{"name":"hexo","hostname":"localhost.localdomain","pid":2614,"level":20,"msg":"Processed: \u001b[35msource/font/fontdiao.eot\u001b[39m","time":"2016-01-02T17:19:59.635Z","v":0}
{"name":"hexo","hostname":"localhost.localdomain","pid":2614,"level":20,"msg":"Processed: \u001b[35msource/font/fontawesome-webfont.woff\u001b[39m","time":"2016-01-02T17:19:59.635Z","v":0}
{"name":"hexo","hostname":"localhost.localdomain","pid":2614,"level":20,"msg":"Processed: \u001b[35msource/font/fontawesome-webfont.eot\u001b[39m","time":"2016-01-02T17:19:59.635Z","v":0}
{"name":"hexo","hostname":"localhost.localdomain","pid":2614,"level":20,"msg":"Processed: \u001b[35msource/font/coveredbyyourgrace-webfont.woff\u001b[39m","time":"2016-01-02T17:19:59.636Z","v":0}
{"name":"hexo","hostname":"localhost.localdomain","pid":2614,"level":20,"msg":"Processed: \u001b[35msource/font/coveredbyyourgrace-webfont.ttf\u001b[39m","time":"2016-01-02T17:19:59.636Z","v":0}
{"name":"hexo","hostname":"localhost.localdomain","pid":2614,"level":20,"msg":"Processed: \u001b[35msource/font/coveredbyyourgrace-webfont.eot\u001b[39m","time":"2016-01-02T17:19:59.636Z","v":0}
{"name":"hexo","hostname":"localhost.localdomain","pid":2614,"level":20,"msg":"Processed: \u001b[35msource/font/FontAwesome.otf\u001b[39m","time":"2016-01-02T17:19:59.636Z","v":0}
{"name":"hexo","hostname":"localhost.localdomain","pid":2614,"level":20,"msg":"Processed: \u001b[35msource/fancybox/jquery.fancybox.pack.js\u001b[39m","time":"2016-01-02T17:19:59.637Z","v":0}
{"name":"hexo","hostname":"localhost.localdomain","pid":2614,"level":20,"msg":"Processed: \u001b[35msource/fancybox/jquery.fancybox.js\u001b[39m","time":"2016-01-02T17:19:59.637Z","v":0}
{"name":"hexo","hostname":"localhost.localdomain","pid":2614,"level":20,"msg":"Processed: \u001b[35msource/fancybox/jquery.fancybox.css\u001b[39m","time":"2016-01-02T17:19:59.638Z","v":0}
{"name":"hexo","hostname":"localhost.localdomain","pid":2614,"level":20,"msg":"Processed: \u001b[35msource/fancybox/helpers/jquery.fancybox-thumbs.js\u001b[39m","time":"2016-01-02T17:19:59.638Z","v":0}
{"name":"hexo","hostname":"localhost.localdomain","pid":2614,"level":20,"msg":"Processed: \u001b[35msource/fancybox/helpers/jquery.fancybox-thumbs.css\u001b[39m","time":"2016-01-02T17:19:59.638Z","v":0}
{"name":"hexo","hostname":"localhost.localdomain","pid":2614,"level":20,"msg":"Processed: \u001b[35msource/fancybox/helpers/jquery.fancybox-media.js\u001b[39m","time":"2016-01-02T17:19:59.638Z","v":0}
{"name":"hexo","hostname":"localhost.localdomain","pid":2614,"level":20,"msg":"Processed: \u001b[35msource/fancybox/helpers/jquery.fancybox-buttons.js\u001b[39m","time":"2016-01-02T17:19:59.639Z","v":0}
{"name":"hexo","hostname":"localhost.localdomain","pid":2614,"level":20,"msg":"Processed: \u001b[35msource/fancybox/helpers/jquery.fancybox-buttons.css\u001b[39m","time":"2016-01-02T17:19:59.641Z","v":0}
{"name":"hexo","hostname":"localhost.localdomain","pid":2614,"level":20,"msg":"Processed: \u001b[35msource/fancybox/helpers/fancybox_buttons.png\u001b[39m","time":"2016-01-02T17:19:59.642Z","v":0}
{"name":"hexo","hostname":"localhost.localdomain","pid":2614,"level":20,"msg":"Processed: \u001b[35msource/fancybox/fancybox_sprite@2x.png\u001b[39m","time":"2016-01-02T17:19:59.642Z","v":0}
{"name":"hexo","hostname":"localhost.localdomain","pid":2614,"level":20,"msg":"Processed: \u001b[35msource/fancybox/fancybox_sprite.png\u001b[39m","time":"2016-01-02T17:19:59.642Z","v":0}
{"name":"hexo","hostname":"localhost.localdomain","pid":2614,"level":20,"msg":"Processed: \u001b[35msource/fancybox/fancybox_overlay.png\u001b[39m","time":"2016-01-02T17:19:59.643Z","v":0}
{"name":"hexo","hostname":"localhost.localdomain","pid":2614,"level":20,"msg":"Processed: \u001b[35msource/fancybox/blank.gif\u001b[39m","time":"2016-01-02T17:19:59.643Z","v":0}
{"name":"hexo","hostname":"localhost.localdomain","pid":2614,"level":20,"msg":"Processed: \u001b[35msource/fancybox/fancybox_loading@2x.gif\u001b[39m","time":"2016-01-02T17:19:59.644Z","v":0}
{"name":"hexo","hostname":"localhost.localdomain","pid":2614,"level":20,"msg":"Processed: \u001b[35msource/fancybox/fancybox_loading.gif\u001b[39m","time":"2016-01-02T17:19:59.644Z","v":0}
{"name":"hexo","hostname":"localhost.localdomain","pid":2614,"level":20,"msg":"Processed: \u001b[35msource/css/style.styl\u001b[39m","time":"2016-01-02T17:19:59.644Z","v":0}
{"name":"hexo","hostname":"localhost.localdomain","pid":2614,"level":20,"msg":"Processed: \u001b[35mlayout/tag.ejs\u001b[39m","time":"2016-01-02T17:19:59.649Z","v":0}
{"name":"hexo","hostname":"localhost.localdomain","pid":2614,"level":20,"msg":"Processed: \u001b[35mlayout/post.ejs\u001b[39m","time":"2016-01-02T17:19:59.650Z","v":0}
{"name":"hexo","hostname":"localhost.localdomain","pid":2614,"level":20,"msg":"Processed: \u001b[35mlayout/page.ejs\u001b[39m","time":"2016-01-02T17:19:59.652Z","v":0}
{"name":"hexo","hostname":"localhost.localdomain","pid":2614,"level":20,"msg":"Processed: \u001b[35mlayout/layout.ejs\u001b[39m","time":"2016-01-02T17:19:59.654Z","v":0}
{"name":"hexo","hostname":"localhost.localdomain","pid":2614,"level":20,"msg":"Processed: \u001b[35mlayout/index.ejs\u001b[39m","time":"2016-01-02T17:19:59.655Z","v":0}
{"name":"hexo","hostname":"localhost.localdomain","pid":2614,"level":20,"msg":"Processed: \u001b[35mlayout/category.ejs\u001b[39m","time":"2016-01-02T17:19:59.656Z","v":0}
{"name":"hexo","hostname":"localhost.localdomain","pid":2614,"level":20,"msg":"Processed: \u001b[35mlayout/archive.ejs\u001b[39m","time":"2016-01-02T17:19:59.656Z","v":0}
{"name":"hexo","hostname":"localhost.localdomain","pid":2614,"level":20,"msg":"Processed: \u001b[35mlayout/_widget/weibo.ejs\u001b[39m","time":"2016-01-02T17:19:59.657Z","v":0}
{"name":"hexo","hostname":"localhost.localdomain","pid":2614,"level":20,"msg":"Processed: \u001b[35mlayout/_widget/tagcloud.ejs\u001b[39m","time":"2016-01-02T17:19:59.660Z","v":0}
{"name":"hexo","hostname":"localhost.localdomain","pid":2614,"level":20,"msg":"Processed: \u001b[35mlayout/_widget/tag.ejs\u001b[39m","time":"2016-01-02T17:19:59.662Z","v":0}
{"name":"hexo","hostname":"localhost.localdomain","pid":2614,"level":20,"msg":"Processed: \u001b[35mlayout/_widget/rss.ejs\u001b[39m","time":"2016-01-02T17:19:59.663Z","v":0}
{"name":"hexo","hostname":"localhost.localdomain","pid":2614,"level":20,"msg":"Processed: \u001b[35mlayout/_widget/links.ejs\u001b[39m","time":"2016-01-02T17:19:59.665Z","v":0}
{"name":"hexo","hostname":"localhost.localdomain","pid":2614,"level":20,"msg":"Processed: \u001b[35mlayout/_widget/github-card.ejs\u001b[39m","time":"2016-01-02T17:19:59.667Z","v":0}
{"name":"hexo","hostname":"localhost.localdomain","pid":2614,"level":20,"msg":"Processed: \u001b[35mlayout/_widget/douban.ejs\u001b[39m","time":"2016-01-02T17:19:59.670Z","v":0}
{"name":"hexo","hostname":"localhost.localdomain","pid":2614,"level":20,"msg":"Processed: \u001b[35mlayout/_partial/totop.ejs\u001b[39m","time":"2016-01-02T17:19:59.670Z","v":0}
{"name":"hexo","hostname":"localhost.localdomain","pid":2614,"level":20,"msg":"Processed: \u001b[35mlayout/_widget/category.ejs\u001b[39m","time":"2016-01-02T17:19:59.671Z","v":0}
{"name":"hexo","hostname":"localhost.localdomain","pid":2614,"level":20,"msg":"Processed: \u001b[35mlayout/_widget/archive.ejs\u001b[39m","time":"2016-01-02T17:19:59.672Z","v":0}
{"name":"hexo","hostname":"localhost.localdomain","pid":2614,"level":20,"msg":"Processed: \u001b[35mlayout/_partial/tinysou_search.ejs\u001b[39m","time":"2016-01-02T17:19:59.673Z","v":0}
{"name":"hexo","hostname":"localhost.localdomain","pid":2614,"level":20,"msg":"Processed: \u001b[35mlayout/_partial/tags.ejs\u001b[39m","time":"2016-01-02T17:19:59.677Z","v":0}
{"name":"hexo","hostname":"localhost.localdomain","pid":2614,"level":20,"msg":"Processed: \u001b[35mlayout/_partial/sidebar.ejs\u001b[39m","time":"2016-01-02T17:19:59.677Z","v":0}
{"name":"hexo","hostname":"localhost.localdomain","pid":2614,"level":20,"msg":"Processed: \u001b[35mlayout/_partial/search.ejs\u001b[39m","time":"2016-01-02T17:19:59.680Z","v":0}
{"name":"hexo","hostname":"localhost.localdomain","pid":2614,"level":20,"msg":"Processed: \u001b[35mlayout/_partial/pagination.ejs\u001b[39m","time":"2016-01-02T17:19:59.681Z","v":0}
{"name":"hexo","hostname":"localhost.localdomain","pid":2614,"level":20,"msg":"Processed: \u001b[35mlayout/_partial/mathjax.ejs\u001b[39m","time":"2016-01-02T17:19:59.682Z","v":0}
{"name":"hexo","hostname":"localhost.localdomain","pid":2614,"level":20,"msg":"Processed: \u001b[35mlayout/_partial/header.ejs\u001b[39m","time":"2016-01-02T17:19:59.685Z","v":0}
{"name":"hexo","hostname":"localhost.localdomain","pid":2614,"level":20,"msg":"Processed: \u001b[35mlayout/_partial/post/pagination.ejs\u001b[39m","time":"2016-01-02T17:19:59.687Z","v":0}
{"name":"hexo","hostname":"localhost.localdomain","pid":2614,"level":20,"msg":"Processed: \u001b[35mlayout/_partial/post/jiathis.ejs\u001b[39m","time":"2016-01-02T17:19:59.688Z","v":0}
{"name":"hexo","hostname":"localhost.localdomain","pid":2614,"level":20,"msg":"Processed: \u001b[35mlayout/_partial/post/header.ejs\u001b[39m","time":"2016-01-02T17:19:59.689Z","v":0}
{"name":"hexo","hostname":"localhost.localdomain","pid":2614,"level":20,"msg":"Processed: \u001b[35mlayout/_partial/post/gallery.ejs\u001b[39m","time":"2016-01-02T17:19:59.690Z","v":0}
{"name":"hexo","hostname":"localhost.localdomain","pid":2614,"level":20,"msg":"Processed: \u001b[35mlayout/_partial/post/footer.ejs\u001b[39m","time":"2016-01-02T17:19:59.690Z","v":0}
{"name":"hexo","hostname":"localhost.localdomain","pid":2614,"level":20,"msg":"Processed: \u001b[35mlayout/_partial/post/comment.ejs\u001b[39m","time":"2016-01-02T17:19:59.691Z","v":0}
{"name":"hexo","hostname":"localhost.localdomain","pid":2614,"level":20,"msg":"Processed: \u001b[35mlayout/_partial/post/catetags.ejs\u001b[39m","time":"2016-01-02T17:19:59.692Z","v":0}
{"name":"hexo","hostname":"localhost.localdomain","pid":2614,"level":20,"msg":"Processed: \u001b[35mlayout/_partial/post/article.ejs\u001b[39m","time":"2016-01-02T17:19:59.693Z","v":0}
{"name":"hexo","hostname":"localhost.localdomain","pid":2614,"level":20,"msg":"Processed: \u001b[35mlayout/_partial/head.ejs\u001b[39m","time":"2016-01-02T17:19:59.694Z","v":0}
{"name":"hexo","hostname":"localhost.localdomain","pid":2614,"level":20,"msg":"Processed: \u001b[35mlayout/_partial/footer.ejs\u001b[39m","time":"2016-01-02T17:19:59.698Z","v":0}
{"name":"hexo","hostname":"localhost.localdomain","pid":2614,"level":20,"msg":"Processed: \u001b[35mlayout/_partial/categories.ejs\u001b[39m","time":"2016-01-02T17:19:59.699Z","v":0}
{"name":"hexo","hostname":"localhost.localdomain","pid":2614,"level":20,"msg":"Processed: \u001b[35mlayout/_partial/article_row.ejs\u001b[39m","time":"2016-01-02T17:19:59.700Z","v":0}
{"name":"hexo","hostname":"localhost.localdomain","pid":2614,"level":20,"msg":"Processed: \u001b[35mlayout/_partial/article.ejs\u001b[39m","time":"2016-01-02T17:19:59.700Z","v":0}
{"name":"hexo","hostname":"localhost.localdomain","pid":2614,"level":20,"msg":"Processed: \u001b[35mlayout/_partial/archive.ejs\u001b[39m","time":"2016-01-02T17:19:59.701Z","v":0}
{"name":"hexo","hostname":"localhost.localdomain","pid":2614,"level":20,"msg":"Theme config loaded.","time":"2016-01-02T17:19:59.704Z","v":0}
{"name":"hexo","hostname":"localhost.localdomain","pid":2614,"level":20,"msg":"Processed: \u001b[35m_config.yml\u001b[39m","time":"2016-01-02T17:19:59.704Z","v":0}
{"name":"hexo","hostname":"localhost.localdomain","pid":2614,"level":20,"msg":"Processed: \u001b[35mlayout/_partial/analytics.ejs\u001b[39m","time":"2016-01-02T17:19:59.707Z","v":0}
{"name":"hexo","hostname":"localhost.localdomain","pid":2614,"level":20,"msg":"Processed: \u001b[35mlanguages/zh-TW.yml\u001b[39m","time":"2016-01-02T17:19:59.710Z","v":0}
{"name":"hexo","hostname":"localhost.localdomain","pid":2614,"level":20,"msg":"Processed: \u001b[35mlanguages/zh-CN.yml\u001b[39m","time":"2016-01-02T17:19:59.713Z","v":0}
{"name":"hexo","hostname":"localhost.localdomain","pid":2614,"level":20,"msg":"Processed: \u001b[35mlayout/_partial/after_footer.ejs\u001b[39m","time":"2016-01-02T17:19:59.713Z","v":0}
{"name":"hexo","hostname":"localhost.localdomain","pid":2614,"level":20,"msg":"Processed: \u001b[35mlanguages/default.yml\u001b[39m","time":"2016-01-02T17:19:59.715Z","v":0}
{"name":"hexo","hostname":"localhost.localdomain","pid":2614,"level":20,"msg":"Generator: \u001b[35mpage\u001b[39m","time":"2016-01-02T17:20:00.301Z","v":0}
{"name":"hexo","hostname":"localhost.localdomain","pid":2614,"level":20,"msg":"Generator: \u001b[35mpost\u001b[39m","time":"2016-01-02T17:20:00.302Z","v":0}
{"name":"hexo","hostname":"localhost.localdomain","pid":2614,"level":20,"msg":"Generator: \u001b[35marchive\u001b[39m","time":"2016-01-02T17:20:00.303Z","v":0}
{"name":"hexo","hostname":"localhost.localdomain","pid":2614,"level":20,"msg":"Generator: \u001b[35mcategory\u001b[39m","time":"2016-01-02T17:20:00.303Z","v":0}
{"name":"hexo","hostname":"localhost.localdomain","pid":2614,"level":20,"msg":"Generator: \u001b[35mindex\u001b[39m","time":"2016-01-02T17:20:00.303Z","v":0}
{"name":"hexo","hostname":"localhost.localdomain","pid":2614,"level":20,"msg":"Generator: \u001b[35mtag\u001b[39m","time":"2016-01-02T17:20:00.303Z","v":0}
{"name":"hexo","hostname":"localhost.localdomain","pid":2614,"level":20,"msg":"Generator: \u001b[35masset\u001b[39m","time":"2016-01-02T17:20:00.305Z","v":0}
{"name":"hexo","hostname":"localhost.localdomain","pid":2614,"level":30,"msg":"Hexo is running at \u001b[4mhttp://0.0.0.0:4000/\u001b[24m. Press Ctrl+C to stop.","time":"2016-01-02T17:20:00.310Z","v":0}
{"name":"hexo","hostname":"localhost.localdomain","pid":2614,"level":20,"msg":"Database saved","time":"2016-01-02T17:20:00.325Z","v":0}
{"name":"hexo","hostname":"localhost.localdomain","pid":2614,"level":30,"msg":"Catch you later","time":"2016-01-02T17:20:17.971Z","v":0}
{"name":"hexo","hostname":"localhost.localdomain","pid":2614,"level":20,"msg":"Database saved","time":"2016-01-02T17:20:17.997Z","v":0}
